<?xml version="1.0" encoding="UTF-8"?>
<coverage generated="1764979990886" clover="3.2.0">
  <project timestamp="1764979990887" name="All files">
    <metrics statements="31" coveredstatements="20" conditionals="8" coveredconditionals="1" methods="6" coveredmethods="5" elements="45" coveredelements="26" complexity="0" loc="31" ncloc="31" packages="3" files="5" classes="5"/>
    <package name="app">
      <metrics statements="21" coveredstatements="20" conditionals="2" coveredconditionals="1" methods="5" coveredmethods="5"/>
      <file name="app.controller.ts" path="D:\Study\College\Graduation Project\Code\Omni-Store\Omni-Store\api\src\app\app.controller.ts">
        <metrics statements="12" coveredstatements="12" conditionals="2" coveredconditionals="1" methods="3" coveredmethods="3"/>
        <line num="2" count="1" type="stmt"/>
        <line num="5" count="1" type="stmt"/>
        <line num="8" count="2" type="stmt"/>
        <line num="11" count="1" type="stmt"/>
        <line num="12" count="1" type="stmt"/>
        <line num="13" count="1" type="stmt"/>
        <line num="14" count="1" type="stmt"/>
        <line num="15" count="1" type="stmt"/>
        <line num="17" count="1" type="stmt"/>
        <line num="20" count="1" type="stmt"/>
        <line num="23" count="1" type="stmt"/>
        <line num="29" count="1" type="stmt"/>
      </file>
      <file name="app.module.ts" path="D:\Study\College\Graduation Project\Code\Omni-Store\Omni-Store\api\src\app\app.module.ts">
        <metrics statements="1" coveredstatements="0" conditionals="0" coveredconditionals="0" methods="0" coveredmethods="0"/>
        <line num="8" count="0" type="stmt"/>
      </file>
      <file name="app.service.ts" path="D:\Study\College\Graduation Project\Code\Omni-Store\Omni-Store\api\src\app\app.service.ts">
        <metrics statements="8" coveredstatements="8" conditionals="0" coveredconditionals="0" methods="2" coveredmethods="2"/>
        <line num="2" count="2" type="stmt"/>
        <line num="5" count="2" type="stmt"/>
        <line num="8" count="5" type="stmt"/>
        <line num="11" count="2" type="stmt"/>
        <line num="12" count="2" type="stmt"/>
        <line num="13" count="2" type="stmt"/>
        <line num="15" count="2" type="stmt"/>
        <line num="20" count="2" type="stmt"/>
      </file>
    </package>
    <package name="common.filters">
      <metrics statements="7" coveredstatements="0" conditionals="6" coveredconditionals="0" methods="1" coveredmethods="0"/>
      <file name="http-exception.filter.ts" path="D:\Study\College\Graduation Project\Code\Omni-Store\Omni-Store\api\src\common\filters\http-exception.filter.ts">
        <metrics statements="7" coveredstatements="0" conditionals="6" coveredconditionals="0" methods="1" coveredmethods="0"/>
        <line num="5" count="0" type="stmt"/>
        <line num="6" count="0" type="stmt"/>
        <line num="7" count="0" type="stmt"/>
        <line num="8" count="0" type="stmt"/>
        <line num="10" count="0" type="cond" truecount="0" falsecount="4"/>
        <line num="12" count="0" type="stmt"/>
        <line num="21" count="0" type="stmt"/>
      </file>
    </package>
    <package name="users.dto">
      <metrics statements="3" coveredstatements="0" conditionals="0" coveredconditionals="0" methods="0" coveredmethods="0"/>
      <file name="create-user.dto.ts" path="D:\Study\College\Graduation Project\Code\Omni-Store\Omni-Store\api\src\users\dto\create-user.dto.ts">
        <metrics statements="3" coveredstatements="0" conditionals="0" coveredconditionals="0" methods="0" coveredmethods="0"/>
        <line num="9" count="0" type="stmt"/>
        <line num="18" count="0" type="stmt"/>
        <line num="28" count="0" type="stmt"/>
      </file>
    </package>
  </project>
</coverage>
