{"D:\\Study\\College\\Graduation Project\\Code\\Omni-Store\\Omni-Store\\api\\src\\app\\app.controller.ts": {"path":"D:\\Study\\College\\Graduation Project\\Code\\Omni-Store\\Omni-Store\\api\\src\\app\\app.controller.ts","statementMap":{"0":{"start":{"line":2,"column":0},"end":{"line":4,"column":3}},"1":{"start":{"line":5,"column":0},"end":{"line":10,"column":3}},"2":{"start":{"line":8,"column":8},"end":{"line":8,"column":29}},"3":{"start":{"line":11,"column":21},"end":{"line":11,"column":59}},"4":{"start":{"line":12,"column":21},"end":{"line":12,"column":59}},"5":{"start":{"line":13,"column":16},"end":{"line":13,"column":41}},"6":{"start":{"line":14,"column":20},"end":{"line":14,"column":44}},"7":{"start":{"line":15,"column":20},"end":{"line":22,"column":1}},"8":{"start":{"line":17,"column":8},"end":{"line":17,"column":41}},"9":{"start":{"line":20,"column":8},"end":{"line":20,"column":37}},"10":{"start":{"line":23,"column":0},"end":{"line":28,"column":45}},"11":{"start":{"line":29,"column":0},"end":{"line":35,"column":18}}},"fnMap":{"0":{"name":"(anonymous_0)","decl":{"start":{"line":7,"column":9},"end":{"line":7,"column":10}},"loc":{"start":{"line":7,"column":20},"end":{"line":9,"column":5}},"line":7},"1":{"name":"(anonymous_1)","decl":{"start":{"line":16,"column":4},"end":{"line":16,"column":5}},"loc":{"start":{"line":16,"column":14},"end":{"line":18,"column":5}},"line":16},"2":{"name":"(anonymous_2)","decl":{"start":{"line":19,"column":4},"end":{"line":19,"column":5}},"loc":{"start":{"line":19,"column":27},"end":{"line":21,"column":5}},"line":19}},"branchMap":{"0":{"loc":{"start":{"line":33,"column":8},"end":{"line":33,"column":87}},"type":"cond-expr","locations":[{"start":{"line":33,"column":56},"end":{"line":33,"column":62}},{"start":{"line":33,"column":65},"end":{"line":33,"column":87}}],"line":33}},"s":{"0":1,"1":1,"2":2,"3":1,"4":1,"5":1,"6":1,"7":1,"8":1,"9":1,"10":1,"11":1},"f":{"0":2,"1":1,"2":1},"b":{"0":[0,1]},"inputSourceMap":{"0":"{","1":"\"","2":"v","3":"e","4":"r","5":"s","6":"i","7":"o","8":"n","9":"\"","10":":","11":"3","12":",","13":"\"","14":"s","15":"o","16":"u","17":"r","18":"c","19":"e","20":"s","21":"\"","22":":","23":"[","24":"\"","25":"D","26":":","27":"\\","28":"\\","29":"S","30":"t","31":"u","32":"d","33":"y","34":"\\","35":"\\","36":"C","37":"o","38":"l","39":"l","40":"e","41":"g","42":"e","43":"\\","44":"\\","45":"G","46":"r","47":"a","48":"d","49":"u","50":"a","51":"t","52":"i","53":"o","54":"n","55":" ","56":"P","57":"r","58":"o","59":"j","60":"e","61":"c","62":"t","63":"\\","64":"\\","65":"C","66":"o","67":"d","68":"e","69":"\\","70":"\\","71":"O","72":"m","73":"n","74":"i","75":"-","76":"S","77":"t","78":"o","79":"r","80":"e","81":"\\","82":"\\","83":"O","84":"m","85":"n","86":"i","87":"-","88":"S","89":"t","90":"o","91":"r","92":"e","93":"\\","94":"\\","95":"a","96":"p","97":"i","98":"\\","99":"\\","100":"s","101":"r","102":"c","103":"\\","104":"\\","105":"a","106":"p","107":"p","108":"\\","109":"\\","110":"a","111":"p","112":"p","113":".","114":"c","115":"o","116":"n","117":"t","118":"r","119":"o","120":"l","121":"l","122":"e","123":"r","124":".","125":"t","126":"s","127":"\"","128":"]","129":",","130":"\"","131":"s","132":"o","133":"u","134":"r","135":"c","136":"e","137":"s","138":"C","139":"o","140":"n","141":"t","142":"e","143":"n","144":"t","145":"\"","146":":","147":"[","148":"\"","149":"i","150":"m","151":"p","152":"o","153":"r","154":"t","155":" ","156":"{","157":" ","158":"C","159":"o","160":"n","161":"t","162":"r","163":"o","164":"l","165":"l","166":"e","167":"r","168":",","169":" ","170":"G","171":"e","172":"t","173":" ","174":"}","175":" ","176":"f","177":"r","178":"o","179":"m","180":" ","181":"'","182":"@","183":"n","184":"e","185":"s","186":"t","187":"j","188":"s","189":"/","190":"c","191":"o","192":"m","193":"m","194":"o","195":"n","196":"'","197":";","198":"\\","199":"n","200":"i","201":"m","202":"p","203":"o","204":"r","205":"t","206":" ","207":"{","208":" ","209":"A","210":"p","211":"p","212":"S","213":"e","214":"r","215":"v","216":"i","217":"c","218":"e","219":" ","220":"}","221":" ","222":"f","223":"r","224":"o","225":"m","226":" ","227":"'","228":".","229":"/","230":"a","231":"p","232":"p","233":".","234":"s","235":"e","236":"r","237":"v","238":"i","239":"c","240":"e","241":"'","242":";","243":"\\","244":"n","245":"\\","246":"n","247":"@","248":"C","249":"o","250":"n","251":"t","252":"r","253":"o","254":"l","255":"l","256":"e","257":"r","258":"(","259":")","260":"\\","261":"n","262":"e","263":"x","264":"p","265":"o","266":"r","267":"t","268":" ","269":"c","270":"l","271":"a","272":"s","273":"s","274":" ","275":"A","276":"p","277":"p","278":"C","279":"o","280":"n","281":"t","282":"r","283":"o","284":"l","285":"l","286":"e","287":"r","288":" ","289":"{","290":"\\","291":"n","292":" ","293":" ","294":"c","295":"o","296":"n","297":"s","298":"t","299":"r","300":"u","301":"c","302":"t","303":"o","304":"r","305":"(","306":"p","307":"r","308":"i","309":"v","310":"a","311":"t","312":"e","313":" ","314":"r","315":"e","316":"a","317":"d","318":"o","319":"n","320":"l","321":"y","322":" ","323":"a","324":"p","325":"p","326":"S","327":"e","328":"r","329":"v","330":"i","331":"c","332":"e","333":":","334":" ","335":"A","336":"p","337":"p","338":"S","339":"e","340":"r","341":"v","342":"i","343":"c","344":"e","345":")","346":" ","347":"{","348":"}","349":"\\","350":"n","351":"\\","352":"n","353":" ","354":" ","355":"@","356":"G","357":"e","358":"t","359":"(","360":")","361":"\\","362":"n","363":" ","364":" ","365":"g","366":"e","367":"t","368":"D","369":"a","370":"t","371":"a","372":"(","373":")","374":" ","375":"{","376":"\\","377":"n","378":" ","379":" ","380":" ","381":" ","382":"r","383":"e","384":"t","385":"u","386":"r","387":"n","388":" ","389":"t","390":"h","391":"i","392":"s","393":".","394":"a","395":"p","396":"p","397":"S","398":"e","399":"r","400":"v","401":"i","402":"c","403":"e","404":".","405":"g","406":"e","407":"t","408":"D","409":"a","410":"t","411":"a","412":"(","413":")","414":";","415":"\\","416":"n","417":" ","418":" ","419":"}","420":"\\","421":"n","422":"}","423":"\\","424":"n","425":"\"","426":"]","427":",","428":"\"","429":"n","430":"a","431":"m","432":"e","433":"s","434":"\"","435":":","436":"[","437":"\"","438":"A","439":"p","440":"p","441":"C","442":"o","443":"n","444":"t","445":"r","446":"o","447":"l","448":"l","449":"e","450":"r","451":"\"","452":",","453":"\"","454":"g","455":"e","456":"t","457":"D","458":"a","459":"t","460":"a","461":"\"","462":",","463":"\"","464":"a","465":"p","466":"p","467":"S","468":"e","469":"r","470":"v","471":"i","472":"c","473":"e","474":"\"","475":",","476":"\"","477":"c","478":"o","479":"n","480":"s","481":"t","482":"r","483":"u","484":"c","485":"t","486":"o","487":"r","488":"\"","489":",","490":"\"","491":"G","492":"e","493":"t","494":"\"","495":",","496":"\"","497":"C","498":"o","499":"n","500":"t","501":"r","502":"o","503":"l","504":"l","505":"e","506":"r","507":"\"","508":"]","509":",","510":"\"","511":"r","512":"a","513":"n","514":"g","515":"e","516":"M","517":"a","518":"p","519":"p","520":"i","521":"n","522":"g","523":"s","524":"\"","525":":","526":"\"","527":";","528":";","529":";","530":";","531":";","532":";","533":";","534":";","535":";","536":";","537":";","538":";","539":";","540":";","541":";","542":";","543":";","544":";","545":";","546":";","547":";","548":";","549":";","550":";","551":";","552":";","553":";","554":";","555":";","556":";","557":";","558":";","559":";","560":";","561":"\"","562":",","563":"\"","564":"m","565":"a","566":"p","567":"p","568":"i","569":"n","570":"g","571":"s","572":"\"","573":":","574":"\"","575":";","576":";","577":";","578":";","579":"+","580":"B","581":"A","582":"I","583":"a","584":"A","585":";","586":";","587":";","588":"e","589":"A","590":"A","591":"A","592":"A","593":";","594":";","595":";","596":";","597":";","598":"w","599":"B","600":"A","601":"J","602":"m","603":"B","604":";","605":"4","606":"B","607":"A","608":"C","609":"L","610":";","611":"A","612":"A","613":"G","614":"p","615":"B","616":",","617":"I","618":"A","619":"A","620":"A","621":",","622":"A","623":"A","624":"A","625":"M","626":"A","627":",","628":"g","629":"B","630":"A","631":"A","632":"N","633":",","634":"M","635":"A","636":"A","637":"M","638":"A","639":";","640":"I","641":"A","642":"I","643":"X","644":"C","645":",","646":"U","647":"A","648":"A","649":"U","650":";","651":"Q","652":"A","653":"C","654":"R","655":",","656":"O","657":"A","658":"A","659":"O","660":",","661":"I","662":"A","663":"A","664":"I","665":",","666":"C","667":"A","668":"A","669":"C","670":"C","671":",","672":"U","673":"A","674":"A","675":"U","676":",","677":"C","678":"A","679":"A","680":"C","681":"D","682":",","683":"O","684":"A","685":"A","686":"O","687":";","688":"I","689":"A","690":"C","691":"h","692":"C","693":";","694":"I","695":"A","696":"L","697":"A","698":"E","699":",","700":"Y","701":"A","702":"A","703":"Y","704":",","705":"A","706":"A","707":"A","708":"i","709":"B","710":"D","711":",","712":"U","713":"A","714":"A","715":"s","716":"B","717":",","718":"C","719":"A","720":"A","721":"E","722":";","723":"a","724":"A","725":"A","726":"x","727":"B","728":"A","729":",","730":"a","731":"A","732":"A","733":"A","734":"A","735":";","736":"I","737":"A","738":"A","739":"y","740":"B","741":";","742":"A","743":"A","744":"M","745":"x","746":"D","747":";","748":";","749":"I","750":"A","751":"J","752":"G","753":"E","754":",","755":"I","756":"A","757":"A","758":"A","759":"A","760":",","761":"W","762":"A","763":"A","764":"G","765":";","766":";","767":";","768":";","769":"G","770":"A","771":"H","772":"O","773":"J","774":";","775":"A","776":"A","777":"A","778":"A","779":"A","780":";","781":"I","782":"A","783":"D","784":"Z","785":"K","786":",","787":"I","788":"A","789":"A","790":"A","791":"A","792":",","793":"k","794":"B","795":"A","796":"A","797":"U","798":";","799":";","800":";","801":"e","802":"A","803":"E","804":"g","805":"C","806":",","807":"s","808":"B","809":"A","810":"A","811":"U","812":",","813":"4","814":"B","815":"A","816":"A","817":"V","818":",","819":"s","820":"B","821":"A","822":"A","823":"U","824":";","825":";","826":"G","827":"A","828":"D","829":"x","830":"C","831":"L","832":"\"","833":"}"},"_coverageSchema":"1a1c01bbd47fc00a2c39e90264f33305004495a9","hash":"1c82ddf3525b9ebae7ea78cf4f45db7e9b07dc71"}
,"D:\\Study\\College\\Graduation Project\\Code\\Omni-Store\\Omni-Store\\api\\src\\app\\app.module.ts": {"path":"D:\\Study\\College\\Graduation Project\\Code\\Omni-Store\\Omni-Store\\api\\src\\app\\app.module.ts","statementMap":{"0":{"start":{"line":8,"column":0},"end":{"line":24,"column":14}}},"fnMap":{},"branchMap":{},"s":{"0":0},"f":{},"b":{},"inputSourceMap":{"0":"{","1":"\"","2":"v","3":"e","4":"r","5":"s","6":"i","7":"o","8":"n","9":"\"","10":":","11":"3","12":",","13":"\"","14":"s","15":"o","16":"u","17":"r","18":"c","19":"e","20":"s","21":"\"","22":":","23":"[","24":"\"","25":"D","26":":","27":"\\","28":"\\","29":"S","30":"t","31":"u","32":"d","33":"y","34":"\\","35":"\\","36":"C","37":"o","38":"l","39":"l","40":"e","41":"g","42":"e","43":"\\","44":"\\","45":"G","46":"r","47":"a","48":"d","49":"u","50":"a","51":"t","52":"i","53":"o","54":"n","55":" ","56":"P","57":"r","58":"o","59":"j","60":"e","61":"c","62":"t","63":"\\","64":"\\","65":"C","66":"o","67":"d","68":"e","69":"\\","70":"\\","71":"O","72":"m","73":"n","74":"i","75":"-","76":"S","77":"t","78":"o","79":"r","80":"e","81":"\\","82":"\\","83":"O","84":"m","85":"n","86":"i","87":"-","88":"S","89":"t","90":"o","91":"r","92":"e","93":"\\","94":"\\","95":"a","96":"p","97":"i","98":"\\","99":"\\","100":"s","101":"r","102":"c","103":"\\","104":"\\","105":"a","106":"p","107":"p","108":"\\","109":"\\","110":"a","111":"p","112":"p","113":".","114":"m","115":"o","116":"d","117":"u","118":"l","119":"e","120":".","121":"t","122":"s","123":"\"","124":"]","125":",","126":"\"","127":"s","128":"o","129":"u","130":"r","131":"c","132":"e","133":"s","134":"C","135":"o","136":"n","137":"t","138":"e","139":"n","140":"t","141":"\"","142":":","143":"[","144":"\"","145":"i","146":"m","147":"p","148":"o","149":"r","150":"t","151":" ","152":"{","153":" ","154":"M","155":"o","156":"d","157":"u","158":"l","159":"e","160":" ","161":"}","162":" ","163":"f","164":"r","165":"o","166":"m","167":" ","168":"'","169":"@","170":"n","171":"e","172":"s","173":"t","174":"j","175":"s","176":"/","177":"c","178":"o","179":"m","180":"m","181":"o","182":"n","183":"'","184":";","185":"\\","186":"r","187":"\\","188":"n","189":"i","190":"m","191":"p","192":"o","193":"r","194":"t","195":" ","196":"{","197":" ","198":"C","199":"o","200":"n","201":"f","202":"i","203":"g","204":"M","205":"o","206":"d","207":"u","208":"l","209":"e","210":" ","211":"}","212":" ","213":"f","214":"r","215":"o","216":"m","217":" ","218":"'","219":"@","220":"n","221":"e","222":"s","223":"t","224":"j","225":"s","226":"/","227":"c","228":"o","229":"n","230":"f","231":"i","232":"g","233":"'","234":";","235":"\\","236":"r","237":"\\","238":"n","239":"i","240":"m","241":"p","242":"o","243":"r","244":"t","245":" ","246":"{","247":" ","248":"A","249":"p","250":"p","251":"C","252":"o","253":"n","254":"t","255":"r","256":"o","257":"l","258":"l","259":"e","260":"r","261":" ","262":"}","263":" ","264":"f","265":"r","266":"o","267":"m","268":" ","269":"'","270":".","271":"/","272":"a","273":"p","274":"p","275":".","276":"c","277":"o","278":"n","279":"t","280":"r","281":"o","282":"l","283":"l","284":"e","285":"r","286":"'","287":";","288":"\\","289":"r","290":"\\","291":"n","292":"i","293":"m","294":"p","295":"o","296":"r","297":"t","298":" ","299":"{","300":" ","301":"A","302":"p","303":"p","304":"S","305":"e","306":"r","307":"v","308":"i","309":"c","310":"e","311":" ","312":"}","313":" ","314":"f","315":"r","316":"o","317":"m","318":" ","319":"'","320":".","321":"/","322":"a","323":"p","324":"p","325":".","326":"s","327":"e","328":"r","329":"v","330":"i","331":"c","332":"e","333":"'","334":";","335":"\\","336":"r","337":"\\","338":"n","339":"\\","340":"r","341":"\\","342":"n","343":"@","344":"M","345":"o","346":"d","347":"u","348":"l","349":"e","350":"(","351":"{","352":"\\","353":"r","354":"\\","355":"n","356":" ","357":" ","358":"i","359":"m","360":"p","361":"o","362":"r","363":"t","364":"s","365":":","366":" ","367":"[","368":"\\","369":"r","370":"\\","371":"n","372":" ","373":" ","374":" ","375":" ","376":"/","377":"/","378":" ","379":"1","380":".","381":" ","382":"L","383":"o","384":"a","385":"d","386":" ","387":".","388":"e","389":"n","390":"v","391":" ","392":"g","393":"l","394":"o","395":"b","396":"a","397":"l","398":"l","399":"y","400":"\\","401":"r","402":"\\","403":"n","404":" ","405":" ","406":" ","407":" ","408":"C","409":"o","410":"n","411":"f","412":"i","413":"g","414":"M","415":"o","416":"d","417":"u","418":"l","419":"e","420":".","421":"f","422":"o","423":"r","424":"R","425":"o","426":"o","427":"t","428":"(","429":"{","430":"\\","431":"r","432":"\\","433":"n","434":" ","435":" ","436":" ","437":" ","438":" ","439":" ","440":"i","441":"s","442":"G","443":"l","444":"o","445":"b","446":"a","447":"l","448":":","449":" ","450":"t","451":"r","452":"u","453":"e","454":",","455":" ","456":"/","457":"/","458":" ","459":"M","460":"a","461":"k","462":"e","463":"s","464":" ","465":"C","466":"o","467":"n","468":"f","469":"i","470":"g","471":"S","472":"e","473":"r","474":"v","475":"i","476":"c","477":"e","478":" ","479":"a","480":"v","481":"a","482":"i","483":"l","484":"a","485":"b","486":"l","487":"e","488":" ","489":"e","490":"v","491":"e","492":"r","493":"y","494":"w","495":"h","496":"e","497":"r","498":"e","499":"\\","500":"r","501":"\\","502":"n","503":" ","504":" ","505":" ","506":" ","507":" ","508":" ","509":"e","510":"n","511":"v","512":"F","513":"i","514":"l","515":"e","516":"P","517":"a","518":"t","519":"h","520":":","521":" ","522":"'","523":".","524":"e","525":"n","526":"v","527":"'","528":",","529":" ","530":"/","531":"/","532":" ","533":"L","534":"o","535":"o","536":"k","537":"s","538":" ","539":"f","540":"o","541":"r","542":" ","543":".","544":"e","545":"n","546":"v","547":" ","548":"i","549":"n","550":" ","551":"t","552":"h","553":"e","554":" ","555":"r","556":"o","557":"o","558":"t","559":"\\","560":"r","561":"\\","562":"n","563":" ","564":" ","565":" ","566":" ","567":"}","568":")","569":",","570":"\\","571":"r","572":"\\","573":"n","574":" ","575":" ","576":"]","577":",","578":"\\","579":"r","580":"\\","581":"n","582":" ","583":" ","584":"c","585":"o","586":"n","587":"t","588":"r","589":"o","590":"l","591":"l","592":"e","593":"r","594":"s","595":":","596":" ","597":"[","598":"A","599":"p","600":"p","601":"C","602":"o","603":"n","604":"t","605":"r","606":"o","607":"l","608":"l","609":"e","610":"r","611":"]","612":",","613":"\\","614":"r","615":"\\","616":"n","617":" ","618":" ","619":"p","620":"r","621":"o","622":"v","623":"i","624":"d","625":"e","626":"r","627":"s","628":":","629":" ","630":"[","631":"A","632":"p","633":"p","634":"S","635":"e","636":"r","637":"v","638":"i","639":"c","640":"e","641":"]","642":",","643":"\\","644":"r","645":"\\","646":"n","647":"}","648":")","649":"\\","650":"r","651":"\\","652":"n","653":"e","654":"x","655":"p","656":"o","657":"r","658":"t","659":" ","660":"c","661":"l","662":"a","663":"s","664":"s","665":" ","666":"A","667":"p","668":"p","669":"M","670":"o","671":"d","672":"u","673":"l","674":"e","675":" ","676":"{","677":"}","678":"\"","679":"]","680":",","681":"\"","682":"n","683":"a","684":"m","685":"e","686":"s","687":"\"","688":":","689":"[","690":"\"","691":"M","692":"o","693":"d","694":"u","695":"l","696":"e","697":"\"","698":",","699":"\"","700":"C","701":"o","702":"n","703":"f","704":"i","705":"g","706":"M","707":"o","708":"d","709":"u","710":"l","711":"e","712":"\"","713":",","714":"\"","715":"A","716":"p","717":"p","718":"C","719":"o","720":"n","721":"t","722":"r","723":"o","724":"l","725":"l","726":"e","727":"r","728":"\"","729":",","730":"\"","731":"A","732":"p","733":"p","734":"S","735":"e","736":"r","737":"v","738":"i","739":"c","740":"e","741":"\"","742":",","743":"\"","744":"A","745":"p","746":"p","747":"M","748":"o","749":"d","750":"u","751":"l","752":"e","753":"\"","754":",","755":"\"","756":"i","757":"m","758":"p","759":"o","760":"r","761":"t","762":"s","763":"\"","764":",","765":"\"","766":"f","767":"o","768":"r","769":"R","770":"o","771":"o","772":"t","773":"\"","774":",","775":"\"","776":"i","777":"s","778":"G","779":"l","780":"o","781":"b","782":"a","783":"l","784":"\"","785":",","786":"\"","787":"e","788":"n","789":"v","790":"F","791":"i","792":"l","793":"e","794":"P","795":"a","796":"t","797":"h","798":"\"","799":",","800":"\"","801":"c","802":"o","803":"n","804":"t","805":"r","806":"o","807":"l","808":"l","809":"e","810":"r","811":"s","812":"\"","813":",","814":"\"","815":"p","816":"r","817":"o","818":"v","819":"i","820":"d","821":"e","822":"r","823":"s","824":"\"","825":"]","826":",","827":"\"","828":"r","829":"a","830":"n","831":"g","832":"e","833":"M","834":"a","835":"p","836":"p","837":"i","838":"n","839":"g","840":"s","841":"\"","842":":","843":"\"","844":";","845":";","846":";","847":";","848":";","849":";","850":";","851":";","852":";","853":";","854":";","855":";","856":";","857":";","858":";","859":";","860":";","861":";","862":";","863":";","864":";","865":";","866":";","867":"\"","868":",","869":"\"","870":"m","871":"a","872":"p","873":"p","874":"i","875":"n","876":"g","877":"s","878":"\"","879":":","880":"\"","881":";","882":"A","883":"A","884":"A","885":"A","886":",","887":"S","888":"A","889":"A","890":"S","891":"A","892":",","893":"M","894":"A","895":"A","896":"M","897":",","898":"Q","899":"A","900":"A","901":"Q","902":",","903":"i","904":"B","905":"A","906":"A","907":"i","908":"B","909":";","910":"A","911":"A","912":"C","913":"x","914":"C","915":",","916":"S","917":"A","918":"A","919":"S","920":"C","921":",","922":"Y","923":"A","924":"A","925":"Y","926":",","927":"Q","928":"A","929":"A","930":"Q","931":",","932":"i","933":"B","934":"A","935":"A","936":"i","937":"B","938":";","939":"A","940":"A","941":"C","942":"9","943":"C","944":",","945":"S","946":"A","947":"A","948":"S","949":"C","950":",","951":"a","952":"A","953":"A","954":"a","955":",","956":"Q","957":"A","958":"A","959":"Q","960":",","961":"m","962":"B","963":"A","964":"A","965":"m","966":"B","967":";","968":"A","969":"A","970":"C","971":"j","972":"D","973":",","974":"S","975":"A","976":"A","977":"S","978":"C","979":",","980":"U","981":"A","982":"A","983":"U","984":",","985":"Q","986":"A","987":"A","988":"Q","989":",","990":"g","991":"B","992":"A","993":"A","994":"g","995":"B","996":";","997":"A","998":"A","999":"a","1000":"3","1001":"C","1002":",","1003":"O","1004":"A","1005":"A","1006":"O","1007":",","1008":"M","1009":"A","1010":"A","1011":"M","1012":"C","1013":";","1014":"A","1015":"A","1016":"A","1017":"W","1018":";","1019":"A","1020":"A","1021":"A","1022":"X","1023":"A","1024":";","1025":"I","1026":"A","1027":"X","1028":"Z","1029":"J","1030":",","1031":"O","1032":"A","1033":"A","1034":"O","1035":";","1036":"Q","1037":"A","1038":"C","1039":"N","1040":"K","1041":",","1042":"S","1043":"A","1044":"A","1045":"S","1046":";","1047":"Y","1048":"A","1049":"C","1050":"P","1051":",","1052":"w","1053":"B","1054":"A","1055":"A","1056":"w","1057":"B","1058":";","1059":"Y","1060":"A","1061":"C","1062":"x","1063":"B","1064":"J","1065":",","1066":"a","1067":"A","1068":"A","1069":"a","1070":"K","1071":",","1072":"O","1073":"A","1074":"A","1075":"O","1076":",","1077":"C","1078":"A","1079":"A","1080":"C","1081":";","1082":"g","1083":"B","1084":"A","1085":"C","1086":"n","1087":"B","1088":"C","1089":",","1090":"U","1091":"A","1092":"A","1093":"U","1094":";","1095":"g","1096":"B","1097":"A","1098":"C","1099":"V","1100":"C","1101":",","1102":"a","1103":"A","1104":"A","1105":"a","1106":";","1107":"Y","1108":"A","1109":"C","1110":"f","1111":";","1112":"S","1113":"A","1114":"C","1115":"D","1116":";","1117":"Q","1118":"A","1119":"C","1120":"D","1121":"C","1122":",","1123":"a","1124":"A","1125":"A","1126":"a","1127":";","1128":"Y","1129":"A","1130":"A","1131":"C","1132":"P","1133":";","1134":"S","1135":"A","1136":"A","1137":"c","1138":";","1139":"Q","1140":"A","1141":"C","1142":"5","1143":"B","1144":"Q","1145":",","1146":"W","1147":"A","1148":"A","1149":"W","1150":";","1151":"Y","1152":"A","1153":"A","1154":"C","1155":"P","1156":";","1157":"S","1158":"A","1159":"A","1160":"W","1161":";","1162":"I","1163":"A","1164":"C","1165":"z","1166":"B","1167":";","1168":"G","1169":"A","1170":"C","1171":"a","1172":"C","1173":"\"","1174":"}"}}
,"D:\\Study\\College\\Graduation Project\\Code\\Omni-Store\\Omni-Store\\api\\src\\app\\app.service.ts": {"path":"D:\\Study\\College\\Graduation Project\\Code\\Omni-Store\\Omni-Store\\api\\src\\app\\app.service.ts","statementMap":{"0":{"start":{"line":2,"column":0},"end":{"line":4,"column":3}},"1":{"start":{"line":5,"column":0},"end":{"line":10,"column":3}},"2":{"start":{"line":8,"column":8},"end":{"line":8,"column":26}},"3":{"start":{"line":11,"column":21},"end":{"line":11,"column":59}},"4":{"start":{"line":12,"column":16},"end":{"line":12,"column":41}},"5":{"start":{"line":13,"column":17},"end":{"line":19,"column":1}},"6":{"start":{"line":15,"column":8},"end":{"line":17,"column":10}},"7":{"start":{"line":20,"column":0},"end":{"line":22,"column":15}}},"fnMap":{"0":{"name":"(anonymous_0)","decl":{"start":{"line":7,"column":9},"end":{"line":7,"column":10}},"loc":{"start":{"line":7,"column":20},"end":{"line":9,"column":5}},"line":7},"1":{"name":"(anonymous_1)","decl":{"start":{"line":14,"column":4},"end":{"line":14,"column":5}},"loc":{"start":{"line":14,"column":14},"end":{"line":18,"column":5}},"line":14}},"branchMap":{},"s":{"0":2,"1":2,"2":5,"3":2,"4":2,"5":2,"6":2,"7":2},"f":{"0":5,"1":2},"b":{},"inputSourceMap":{"0":"{","1":"\"","2":"v","3":"e","4":"r","5":"s","6":"i","7":"o","8":"n","9":"\"","10":":","11":"3","12":",","13":"\"","14":"s","15":"o","16":"u","17":"r","18":"c","19":"e","20":"s","21":"\"","22":":","23":"[","24":"\"","25":"D","26":":","27":"\\","28":"\\","29":"S","30":"t","31":"u","32":"d","33":"y","34":"\\","35":"\\","36":"C","37":"o","38":"l","39":"l","40":"e","41":"g","42":"e","43":"\\","44":"\\","45":"G","46":"r","47":"a","48":"d","49":"u","50":"a","51":"t","52":"i","53":"o","54":"n","55":" ","56":"P","57":"r","58":"o","59":"j","60":"e","61":"c","62":"t","63":"\\","64":"\\","65":"C","66":"o","67":"d","68":"e","69":"\\","70":"\\","71":"O","72":"m","73":"n","74":"i","75":"-","76":"S","77":"t","78":"o","79":"r","80":"e","81":"\\","82":"\\","83":"O","84":"m","85":"n","86":"i","87":"-","88":"S","89":"t","90":"o","91":"r","92":"e","93":"\\","94":"\\","95":"a","96":"p","97":"i","98":"\\","99":"\\","100":"s","101":"r","102":"c","103":"\\","104":"\\","105":"a","106":"p","107":"p","108":"\\","109":"\\","110":"a","111":"p","112":"p","113":".","114":"s","115":"e","116":"r","117":"v","118":"i","119":"c","120":"e","121":".","122":"t","123":"s","124":"\"","125":"]","126":",","127":"\"","128":"s","129":"o","130":"u","131":"r","132":"c","133":"e","134":"s","135":"C","136":"o","137":"n","138":"t","139":"e","140":"n","141":"t","142":"\"","143":":","144":"[","145":"\"","146":"i","147":"m","148":"p","149":"o","150":"r","151":"t","152":" ","153":"{","154":" ","155":"I","156":"n","157":"j","158":"e","159":"c","160":"t","161":"a","162":"b","163":"l","164":"e","165":" ","166":"}","167":" ","168":"f","169":"r","170":"o","171":"m","172":" ","173":"'","174":"@","175":"n","176":"e","177":"s","178":"t","179":"j","180":"s","181":"/","182":"c","183":"o","184":"m","185":"m","186":"o","187":"n","188":"'","189":";","190":"\\","191":"n","192":"\\","193":"n","194":"@","195":"I","196":"n","197":"j","198":"e","199":"c","200":"t","201":"a","202":"b","203":"l","204":"e","205":"(","206":")","207":"\\","208":"n","209":"e","210":"x","211":"p","212":"o","213":"r","214":"t","215":" ","216":"c","217":"l","218":"a","219":"s","220":"s","221":" ","222":"A","223":"p","224":"p","225":"S","226":"e","227":"r","228":"v","229":"i","230":"c","231":"e","232":" ","233":"{","234":"\\","235":"n","236":" ","237":" ","238":"g","239":"e","240":"t","241":"D","242":"a","243":"t","244":"a","245":"(","246":")","247":":","248":" ","249":"{","250":" ","251":"m","252":"e","253":"s","254":"s","255":"a","256":"g","257":"e","258":":","259":" ","260":"s","261":"t","262":"r","263":"i","264":"n","265":"g","266":" ","267":"}","268":" ","269":"{","270":"\\","271":"n","272":" ","273":" ","274":" ","275":" ","276":"r","277":"e","278":"t","279":"u","280":"r","281":"n","282":" ","283":"{","284":" ","285":"m","286":"e","287":"s","288":"s","289":"a","290":"g","291":"e","292":":","293":" ","294":"'","295":"H","296":"e","297":"l","298":"l","299":"o","300":" ","301":"A","302":"P","303":"I","304":"'","305":" ","306":"}","307":";","308":"\\","309":"n","310":" ","311":" ","312":"}","313":"\\","314":"n","315":"}","316":"\\","317":"n","318":"\"","319":"]","320":",","321":"\"","322":"n","323":"a","324":"m","325":"e","326":"s","327":"\"","328":":","329":"[","330":"\"","331":"A","332":"p","333":"p","334":"S","335":"e","336":"r","337":"v","338":"i","339":"c","340":"e","341":"\"","342":",","343":"\"","344":"g","345":"e","346":"t","347":"D","348":"a","349":"t","350":"a","351":"\"","352":",","353":"\"","354":"m","355":"e","356":"s","357":"s","358":"a","359":"g","360":"e","361":"\"","362":",","363":"\"","364":"I","365":"n","366":"j","367":"e","368":"c","369":"t","370":"a","371":"b","372":"l","373":"e","374":"\"","375":"]","376":",","377":"\"","378":"r","379":"a","380":"n","381":"g","382":"e","383":"M","384":"a","385":"p","386":"p","387":"i","388":"n","389":"g","390":"s","391":"\"","392":":","393":"\"","394":";","395":";","396":";","397":";","398":";","399":";","400":";","401":";","402":";","403":";","404":";","405":";","406":";","407":";","408":";","409":";","410":";","411":";","412":";","413":";","414":";","415":"\"","416":",","417":"\"","418":"m","419":"a","420":"p","421":"p","422":"i","423":"n","424":"g","425":"s","426":"\"","427":":","428":"\"","429":";","430":";","431":";","432":";","433":"+","434":"B","435":"A","436":"G","437":"a","438":"A","439":";","440":";","441":";","442":"e","443":"A","444":"A","445":"A","446":"A","447":";","448":";","449":";","450":";","451":"w","452":"B","453":"A","454":"H","455":"c","456":";","457":"A","458":"A","459":"G","460":"p","461":"B","462":",","463":"I","464":"A","465":"A","466":"A","467":",","468":"A","469":"A","470":"A","471":"M","472":"A","473":",","474":"a","475":"A","476":"A","477":"N","478":",","479":"M","480":"A","481":"A","482":"M","483":"A","484":";","485":"I","486":"A","487":"C","488":"X","489":"C","490":",","491":"U","492":"A","493":"A","494":"+","495":"B","496":";","497":"Q","498":"A","499":"C","500":"7","501":"B","502":",","503":"O","504":"A","505":"A","506":"O","507":";","508":"Y","509":"A","510":"A","511":"E","512":"C","513":",","514":"S","515":"A","516":"A","517":"S","518":";","519":"Q","520":"A","521":"A","522":"Y","523":";","524":"I","525":"A","526":"C","527":"h","528":"C","529":";","530":"A","531":"A","532":"C","533":"F","534":";","535":"A","536":"A","537":"J","538":"a","539":"F","540":";","541":"I","542":"A","543":"D","544":"Z","545":"G","546":",","547":"I","548":"A","549":"A","550":"A","551":"A","552":",","553":"k","554":"B","555":"A","556":"A","557":"U","558":";","559":"G","560":"A","561":"C","562":"E","563":"H","564":"\"","565":"}"},"_coverageSchema":"1a1c01bbd47fc00a2c39e90264f33305004495a9","hash":"210cfb97a949ae715900052d1caa9e1e4bbf8323"}
,"D:\\Study\\College\\Graduation Project\\Code\\Omni-Store\\Omni-Store\\api\\src\\common\\filters\\http-exception.filter.ts": {"path":"D:\\Study\\College\\Graduation Project\\Code\\Omni-Store\\Omni-Store\\api\\src\\common\\filters\\http-exception.filter.ts","statementMap":{"0":{"start":{"line":5,"column":20},"end":{"line":5,"column":39}},"1":{"start":{"line":6,"column":25},"end":{"line":6,"column":42}},"2":{"start":{"line":7,"column":23},"end":{"line":7,"column":44}},"3":{"start":{"line":8,"column":34},"end":{"line":8,"column":57}},"4":{"start":{"line":10,"column":29},"end":{"line":10,"column":143}},"5":{"start":{"line":12,"column":8},"end":{"line":18,"column":11}},"6":{"start":{"line":21,"column":0},"end":{"line":23,"column":24}}},"fnMap":{"0":{"name":"(anonymous_0)","decl":{"start":{"line":4,"column":4},"end":{"line":4,"column":5}},"loc":{"start":{"line":4,"column":27},"end":{"line":19,"column":5}},"line":4}},"branchMap":{"0":{"loc":{"start":{"line":10,"column":29},"end":{"line":10,"column":143}},"type":"cond-expr","locations":[{"start":{"line":10,"column":98},"end":{"line":10,"column":123}},{"start":{"line":10,"column":126},"end":{"line":10,"column":143}}],"line":10},"1":{"loc":{"start":{"line":10,"column":29},"end":{"line":10,"column":95}},"type":"binary-expr","locations":[{"start":{"line":10,"column":29},"end":{"line":10,"column":66}},{"start":{"line":10,"column":70},"end":{"line":10,"column":95}}],"line":10},"2":{"loc":{"start":{"line":15,"column":25},"end":{"line":15,"column":93}},"type":"cond-expr","locations":[{"start":{"line":15,"column":55},"end":{"line":15,"column":78}},{"start":{"line":15,"column":81},"end":{"line":15,"column":93}}],"line":15}},"s":{"0":0,"1":0,"2":0,"3":0,"4":0,"5":0,"6":0},"f":{"0":0},"b":{"0":[0,0],"1":[0,0],"2":[0,0]},"inputSourceMap":{"0":"{","1":"\"","2":"v","3":"e","4":"r","5":"s","6":"i","7":"o","8":"n","9":"\"","10":":","11":"3","12":",","13":"\"","14":"s","15":"o","16":"u","17":"r","18":"c","19":"e","20":"s","21":"\"","22":":","23":"[","24":"\"","25":"D","26":":","27":"\\","28":"\\","29":"S","30":"t","31":"u","32":"d","33":"y","34":"\\","35":"\\","36":"C","37":"o","38":"l","39":"l","40":"e","41":"g","42":"e","43":"\\","44":"\\","45":"G","46":"r","47":"a","48":"d","49":"u","50":"a","51":"t","52":"i","53":"o","54":"n","55":" ","56":"P","57":"r","58":"o","59":"j","60":"e","61":"c","62":"t","63":"\\","64":"\\","65":"C","66":"o","67":"d","68":"e","69":"\\","70":"\\","71":"O","72":"m","73":"n","74":"i","75":"-","76":"S","77":"t","78":"o","79":"r","80":"e","81":"\\","82":"\\","83":"O","84":"m","85":"n","86":"i","87":"-","88":"S","89":"t","90":"o","91":"r","92":"e","93":"\\","94":"\\","95":"a","96":"p","97":"i","98":"\\","99":"\\","100":"s","101":"r","102":"c","103":"\\","104":"\\","105":"c","106":"o","107":"m","108":"m","109":"o","110":"n","111":"\\","112":"\\","113":"f","114":"i","115":"l","116":"t","117":"e","118":"r","119":"s","120":"\\","121":"\\","122":"h","123":"t","124":"t","125":"p","126":"-","127":"e","128":"x","129":"c","130":"e","131":"p","132":"t","133":"i","134":"o","135":"n","136":".","137":"f","138":"i","139":"l","140":"t","141":"e","142":"r","143":".","144":"t","145":"s","146":"\"","147":"]","148":",","149":"\"","150":"s","151":"o","152":"u","153":"r","154":"c","155":"e","156":"s","157":"C","158":"o","159":"n","160":"t","161":"e","162":"n","163":"t","164":"\"","165":":","166":"[","167":"\"","168":"i","169":"m","170":"p","171":"o","172":"r","173":"t","174":" ","175":"{","176":"\\","177":"r","178":"\\","179":"n","180":" ","181":" ","182":"E","183":"x","184":"c","185":"e","186":"p","187":"t","188":"i","189":"o","190":"n","191":"F","192":"i","193":"l","194":"t","195":"e","196":"r","197":",","198":"\\","199":"r","200":"\\","201":"n","202":" ","203":" ","204":"C","205":"a","206":"t","207":"c","208":"h","209":",","210":"\\","211":"r","212":"\\","213":"n","214":" ","215":" ","216":"A","217":"r","218":"g","219":"u","220":"m","221":"e","222":"n","223":"t","224":"s","225":"H","226":"o","227":"s","228":"t","229":",","230":"\\","231":"r","232":"\\","233":"n","234":" ","235":" ","236":"H","237":"t","238":"t","239":"p","240":"E","241":"x","242":"c","243":"e","244":"p","245":"t","246":"i","247":"o","248":"n","249":",","250":"\\","251":"r","252":"\\","253":"n","254":"}","255":" ","256":"f","257":"r","258":"o","259":"m","260":" ","261":"'","262":"@","263":"n","264":"e","265":"s","266":"t","267":"j","268":"s","269":"/","270":"c","271":"o","272":"m","273":"m","274":"o","275":"n","276":"'","277":";","278":"\\","279":"r","280":"\\","281":"n","282":"i","283":"m","284":"p","285":"o","286":"r","287":"t","288":" ","289":"{","290":" ","291":"R","292":"e","293":"s","294":"p","295":"o","296":"n","297":"s","298":"e","299":" ","300":"}","301":" ","302":"f","303":"r","304":"o","305":"m","306":" ","307":"'","308":"e","309":"x","310":"p","311":"r","312":"e","313":"s","314":"s","315":"'","316":";","317":"\\","318":"r","319":"\\","320":"n","321":"\\","322":"r","323":"\\","324":"n","325":"@","326":"C","327":"a","328":"t","329":"c","330":"h","331":"(","332":"H","333":"t","334":"t","335":"p","336":"E","337":"x","338":"c","339":"e","340":"p","341":"t","342":"i","343":"o","344":"n","345":")","346":"\\","347":"r","348":"\\","349":"n","350":"e","351":"x","352":"p","353":"o","354":"r","355":"t","356":" ","357":"c","358":"l","359":"a","360":"s","361":"s","362":" ","363":"H","364":"t","365":"t","366":"p","367":"E","368":"x","369":"c","370":"e","371":"p","372":"t","373":"i","374":"o","375":"n","376":"F","377":"i","378":"l","379":"t","380":"e","381":"r","382":" ","383":"i","384":"m","385":"p","386":"l","387":"e","388":"m","389":"e","390":"n","391":"t","392":"s","393":" ","394":"E","395":"x","396":"c","397":"e","398":"p","399":"t","400":"i","401":"o","402":"n","403":"F","404":"i","405":"l","406":"t","407":"e","408":"r","409":" ","410":"{","411":"\\","412":"r","413":"\\","414":"n","415":" ","416":" ","417":"c","418":"a","419":"t","420":"c","421":"h","422":"(","423":"e","424":"x","425":"c","426":"e","427":"p","428":"t","429":"i","430":"o","431":"n","432":":","433":" ","434":"H","435":"t","436":"t","437":"p","438":"E","439":"x","440":"c","441":"e","442":"p","443":"t","444":"i","445":"o","446":"n","447":",","448":" ","449":"h","450":"o","451":"s","452":"t","453":":","454":" ","455":"A","456":"r","457":"g","458":"u","459":"m","460":"e","461":"n","462":"t","463":"s","464":"H","465":"o","466":"s","467":"t","468":")","469":" ","470":"{","471":"\\","472":"r","473":"\\","474":"n","475":" ","476":" ","477":" ","478":" ","479":"c","480":"o","481":"n","482":"s","483":"t","484":" ","485":"c","486":"t","487":"x","488":" ","489":"=","490":" ","491":"h","492":"o","493":"s","494":"t","495":".","496":"s","497":"w","498":"i","499":"t","500":"c","501":"h","502":"T","503":"o","504":"H","505":"t","506":"t","507":"p","508":"(","509":")","510":";","511":"\\","512":"r","513":"\\","514":"n","515":" ","516":" ","517":" ","518":" ","519":"c","520":"o","521":"n","522":"s","523":"t","524":" ","525":"r","526":"e","527":"s","528":"p","529":"o","530":"n","531":"s","532":"e","533":" ","534":"=","535":" ","536":"c","537":"t","538":"x","539":".","540":"g","541":"e","542":"t","543":"R","544":"e","545":"s","546":"p","547":"o","548":"n","549":"s","550":"e","551":"<","552":"R","553":"e","554":"s","555":"p","556":"o","557":"n","558":"s","559":"e","560":">","561":"(","562":")","563":";","564":"\\","565":"r","566":"\\","567":"n","568":" ","569":" ","570":" ","571":" ","572":"c","573":"o","574":"n","575":"s","576":"t","577":" ","578":"s","579":"t","580":"a","581":"t","582":"u","583":"s","584":" ","585":"=","586":" ","587":"e","588":"x","589":"c","590":"e","591":"p","592":"t","593":"i","594":"o","595":"n","596":".","597":"g","598":"e","599":"t","600":"S","601":"t","602":"a","603":"t","604":"u","605":"s","606":"(","607":")","608":";","609":"\\","610":"r","611":"\\","612":"n","613":" ","614":" ","615":" ","616":" ","617":"c","618":"o","619":"n","620":"s","621":"t","622":" ","623":"e","624":"x","625":"c","626":"e","627":"p","628":"t","629":"i","630":"o","631":"n","632":"R","633":"e","634":"s","635":"p","636":"o","637":"n","638":"s","639":"e","640":":","641":" ","642":"{","643":" ","644":"m","645":"e","646":"s","647":"s","648":"a","649":"g","650":"e","651":"?","652":":","653":" ","654":"s","655":"t","656":"r","657":"i","658":"n","659":"g","660":" ","661":"|","662":" ","663":"s","664":"t","665":"r","666":"i","667":"n","668":"g","669":"[","670":"]","671":";","672":" ","673":"e","674":"r","675":"r","676":"o","677":"r","678":"?","679":":","680":" ","681":"s","682":"t","683":"r","684":"i","685":"n","686":"g","687":" ","688":"}","689":" ","690":"=","691":" ","692":"e","693":"x","694":"c","695":"e","696":"p","697":"t","698":"i","699":"o","700":"n","701":".","702":"g","703":"e","704":"t","705":"R","706":"e","707":"s","708":"p","709":"o","710":"n","711":"s","712":"e","713":"(","714":")","715":" ","716":"a","717":"s","718":" ","719":"{","720":" ","721":"m","722":"e","723":"s","724":"s","725":"a","726":"g","727":"e","728":"?","729":":","730":" ","731":"s","732":"t","733":"r","734":"i","735":"n","736":"g","737":" ","738":"|","739":" ","740":"s","741":"t","742":"r","743":"i","744":"n","745":"g","746":"[","747":"]","748":";","749":" ","750":"e","751":"r","752":"r","753":"o","754":"r","755":"?","756":":","757":" ","758":"s","759":"t","760":"r","761":"i","762":"n","763":"g","764":" ","765":"}","766":";","767":"\\","768":"r","769":"\\","770":"n","771":"\\","772":"r","773":"\\","774":"n","775":" ","776":" ","777":" ","778":" ","779":"/","780":"/","781":" ","782":"H","783":"a","784":"n","785":"d","786":"l","787":"e","788":" ","789":"c","790":"a","791":"s","792":"e","793":"s","794":" ","795":"w","796":"h","797":"e","798":"r","799":"e","800":" ","801":"t","802":"h","803":"e","804":" ","805":"e","806":"r","807":"r","808":"o","809":"r","810":" ","811":"m","812":"e","813":"s","814":"s","815":"a","816":"g","817":"e","818":" ","819":"i","820":"s","821":" ","822":"a","823":"n","824":" ","825":"a","826":"r","827":"r","828":"a","829":"y","830":" ","831":"(","832":"f","833":"r","834":"o","835":"m","836":" ","837":"c","838":"l","839":"a","840":"s","841":"s","842":"-","843":"v","844":"a","845":"l","846":"i","847":"d","848":"a","849":"t","850":"o","851":"r","852":")","853":" ","854":"o","855":"r","856":" ","857":"a","858":" ","859":"s","860":"t","861":"r","862":"i","863":"n","864":"g","865":"\\","866":"r","867":"\\","868":"n","869":" ","870":" ","871":" ","872":" ","873":"c","874":"o","875":"n","876":"s","877":"t","878":" ","879":"e","880":"r","881":"r","882":"o","883":"r","884":"M","885":"e","886":"s","887":"s","888":"a","889":"g","890":"e","891":" ","892":"=","893":"\\","894":"r","895":"\\","896":"n","897":" ","898":" ","899":" ","900":" ","901":" ","902":" ","903":"t","904":"y","905":"p","906":"e","907":"o","908":"f","909":" ","910":"e","911":"x","912":"c","913":"e","914":"p","915":"t","916":"i","917":"o","918":"n","919":"R","920":"e","921":"s","922":"p","923":"o","924":"n","925":"s","926":"e","927":" ","928":"=","929":"=","930":"=","931":" ","932":"'","933":"o","934":"b","935":"j","936":"e","937":"c","938":"t","939":"'","940":" ","941":"&","942":"&","943":" ","944":"e","945":"x","946":"c","947":"e","948":"p","949":"t","950":"i","951":"o","952":"n","953":"R","954":"e","955":"s","956":"p","957":"o","958":"n","959":"s","960":"e","961":".","962":"m","963":"e","964":"s","965":"s","966":"a","967":"g","968":"e","969":"\\","970":"r","971":"\\","972":"n","973":" ","974":" ","975":" ","976":" ","977":" ","978":" ","979":" ","980":" ","981":"?","982":" ","983":"e","984":"x","985":"c","986":"e","987":"p","988":"t","989":"i","990":"o","991":"n","992":"R","993":"e","994":"s","995":"p","996":"o","997":"n","998":"s","999":"e","1000":".","1001":"m","1002":"e","1003":"s","1004":"s","1005":"a","1006":"g","1007":"e","1008":"\\","1009":"r","1010":"\\","1011":"n","1012":" ","1013":" ","1014":" ","1015":" ","1016":" ","1017":" ","1018":" ","1019":" ","1020":":","1021":" ","1022":"e","1023":"x","1024":"c","1025":"e","1026":"p","1027":"t","1028":"i","1029":"o","1030":"n","1031":"R","1032":"e","1033":"s","1034":"p","1035":"o","1036":"n","1037":"s","1038":"e","1039":";","1040":"\\","1041":"r","1042":"\\","1043":"n","1044":"\\","1045":"r","1046":"\\","1047":"n","1048":" ","1049":" ","1050":" ","1051":" ","1052":"/","1053":"/","1054":" ","1055":"3","1056":".","1057":" ","1058":"F","1059":"o","1060":"r","1061":"m","1062":"a","1063":"t","1064":" ","1065":"t","1066":"h","1067":"e","1068":" ","1069":"e","1070":"r","1071":"r","1072":"o","1073":"r","1074":" ","1075":"r","1076":"e","1077":"s","1078":"p","1079":"o","1080":"n","1081":"s","1082":"e","1083":"\\","1084":"r","1085":"\\","1086":"n","1087":" ","1088":" ","1089":" ","1090":" ","1091":"r","1092":"e","1093":"s","1094":"p","1095":"o","1096":"n","1097":"s","1098":"e","1099":".","1100":"s","1101":"t","1102":"a","1103":"t","1104":"u","1105":"s","1106":"(","1107":"s","1108":"t","1109":"a","1110":"t","1111":"u","1112":"s","1113":")","1114":".","1115":"j","1116":"s","1117":"o","1118":"n","1119":"(","1120":"{","1121":"\\","1122":"r","1123":"\\","1124":"n","1125":" ","1126":" ","1127":" ","1128":" ","1129":" ","1130":" ","1131":"s","1132":"u","1133":"c","1134":"c","1135":"e","1136":"s","1137":"s","1138":":","1139":" ","1140":"f","1141":"a","1142":"l","1143":"s","1144":"e","1145":",","1146":"\\","1147":"r","1148":"\\","1149":"n","1150":" ","1151":" ","1152":" ","1153":" ","1154":" ","1155":" ","1156":"e","1157":"r","1158":"r","1159":"o","1160":"r","1161":":","1162":" ","1163":"{","1164":"\\","1165":"r","1166":"\\","1167":"n","1168":" ","1169":" ","1170":" ","1171":" ","1172":" ","1173":" ","1174":" ","1175":" ","1176":"m","1177":"e","1178":"s","1179":"s","1180":"a","1181":"g","1182":"e","1183":":","1184":" ","1185":"A","1186":"r","1187":"r","1188":"a","1189":"y","1190":".","1191":"i","1192":"s","1193":"A","1194":"r","1195":"r","1196":"a","1197":"y","1198":"(","1199":"e","1200":"r","1201":"r","1202":"o","1203":"r","1204":"M","1205":"e","1206":"s","1207":"s","1208":"a","1209":"g","1210":"e","1211":")","1212":" ","1213":"?","1214":" ","1215":"e","1216":"r","1217":"r","1218":"o","1219":"r","1220":"M","1221":"e","1222":"s","1223":"s","1224":"a","1225":"g","1226":"e","1227":".","1228":"j","1229":"o","1230":"i","1231":"n","1232":"(","1233":"'","1234":",","1235":" ","1236":"'","1237":")","1238":" ","1239":":","1240":" ","1241":"e","1242":"r","1243":"r","1244":"o","1245":"r","1246":"M","1247":"e","1248":"s","1249":"s","1250":"a","1251":"g","1252":"e","1253":",","1254":" ","1255":"/","1256":"/","1257":" ","1258":"J","1259":"o","1260":"i","1261":"n","1262":" ","1263":"a","1264":"r","1265":"r","1266":"a","1267":"y","1268":" ","1269":"e","1270":"r","1271":"r","1272":"o","1273":"r","1274":"s","1275":" ","1276":"f","1277":"o","1278":"r","1279":" ","1280":"c","1281":"l","1282":"a","1283":"r","1284":"i","1285":"t","1286":"y","1287":"\\","1288":"r","1289":"\\","1290":"n","1291":" ","1292":" ","1293":" ","1294":" ","1295":" ","1296":" ","1297":" ","1298":" ","1299":"c","1300":"o","1301":"d","1302":"e","1303":":","1304":" ","1305":"s","1306":"t","1307":"a","1308":"t","1309":"u","1310":"s","1311":",","1312":"\\","1313":"r","1314":"\\","1315":"n","1316":" ","1317":" ","1318":" ","1319":" ","1320":" ","1321":" ","1322":"}","1323":",","1324":"\\","1325":"r","1326":"\\","1327":"n","1328":" ","1329":" ","1330":" ","1331":" ","1332":"}","1333":")","1334":";","1335":"\\","1336":"r","1337":"\\","1338":"n","1339":" ","1340":" ","1341":"}","1342":"\\","1343":"r","1344":"\\","1345":"n","1346":"}","1347":"\"","1348":"]","1349":",","1350":"\"","1351":"n","1352":"a","1353":"m","1354":"e","1355":"s","1356":"\"","1357":":","1358":"[","1359":"\"","1360":"C","1361":"a","1362":"t","1363":"c","1364":"h","1365":"\"","1366":",","1367":"\"","1368":"H","1369":"t","1370":"t","1371":"p","1372":"E","1373":"x","1374":"c","1375":"e","1376":"p","1377":"t","1378":"i","1379":"o","1380":"n","1381":"\"","1382":",","1383":"\"","1384":"H","1385":"t","1386":"t","1387":"p","1388":"E","1389":"x","1390":"c","1391":"e","1392":"p","1393":"t","1394":"i","1395":"o","1396":"n","1397":"F","1398":"i","1399":"l","1400":"t","1401":"e","1402":"r","1403":"\"","1404":",","1405":"\"","1406":"c","1407":"a","1408":"t","1409":"c","1410":"h","1411":"\"","1412":",","1413":"\"","1414":"e","1415":"x","1416":"c","1417":"e","1418":"p","1419":"t","1420":"i","1421":"o","1422":"n","1423":"\"","1424":",","1425":"\"","1426":"h","1427":"o","1428":"s","1429":"t","1430":"\"","1431":",","1432":"\"","1433":"c","1434":"t","1435":"x","1436":"\"","1437":",","1438":"\"","1439":"s","1440":"w","1441":"i","1442":"t","1443":"c","1444":"h","1445":"T","1446":"o","1447":"H","1448":"t","1449":"t","1450":"p","1451":"\"","1452":",","1453":"\"","1454":"r","1455":"e","1456":"s","1457":"p","1458":"o","1459":"n","1460":"s","1461":"e","1462":"\"","1463":",","1464":"\"","1465":"g","1466":"e","1467":"t","1468":"R","1469":"e","1470":"s","1471":"p","1472":"o","1473":"n","1474":"s","1475":"e","1476":"\"","1477":",","1478":"\"","1479":"s","1480":"t","1481":"a","1482":"t","1483":"u","1484":"s","1485":"\"","1486":",","1487":"\"","1488":"g","1489":"e","1490":"t","1491":"S","1492":"t","1493":"a","1494":"t","1495":"u","1496":"s","1497":"\"","1498":",","1499":"\"","1500":"e","1501":"x","1502":"c","1503":"e","1504":"p","1505":"t","1506":"i","1507":"o","1508":"n","1509":"R","1510":"e","1511":"s","1512":"p","1513":"o","1514":"n","1515":"s","1516":"e","1517":"\"","1518":",","1519":"\"","1520":"e","1521":"r","1522":"r","1523":"o","1524":"r","1525":"M","1526":"e","1527":"s","1528":"s","1529":"a","1530":"g","1531":"e","1532":"\"","1533":",","1534":"\"","1535":"m","1536":"e","1537":"s","1538":"s","1539":"a","1540":"g","1541":"e","1542":"\"","1543":",","1544":"\"","1545":"j","1546":"s","1547":"o","1548":"n","1549":"\"","1550":",","1551":"\"","1552":"s","1553":"u","1554":"c","1555":"c","1556":"e","1557":"s","1558":"s","1559":"\"","1560":",","1561":"\"","1562":"e","1563":"r","1564":"r","1565":"o","1566":"r","1567":"\"","1568":",","1569":"\"","1570":"A","1571":"r","1572":"r","1573":"a","1574":"y","1575":"\"","1576":",","1577":"\"","1578":"i","1579":"s","1580":"A","1581":"r","1582":"r","1583":"a","1584":"y","1585":"\"","1586":",","1587":"\"","1588":"j","1589":"o","1590":"i","1591":"n","1592":"\"","1593":",","1594":"\"","1595":"c","1596":"o","1597":"d","1598":"e","1599":"\"","1600":"]","1601":",","1602":"\"","1603":"r","1604":"a","1605":"n","1606":"g","1607":"e","1608":"M","1609":"a","1610":"p","1611":"p","1612":"i","1613":"n","1614":"g","1615":"s","1616":"\"","1617":":","1618":"\"","1619":";","1620":";","1621":";","1622":";","1623":";","1624":";","1625":";","1626":";","1627":";","1628":";","1629":";","1630":";","1631":";","1632":";","1633":";","1634":";","1635":";","1636":";","1637":";","1638":";","1639":";","1640":";","1641":"\"","1642":",","1643":"\"","1644":"m","1645":"a","1646":"p","1647":"p","1648":"i","1649":"n","1650":"g","1651":"s","1652":"\"","1653":":","1654":"\"","1655":";","1656":"A","1657":"A","1658":"A","1659":"A","1660":",","1661":"S","1662":"A","1663":"E","1664":"E","1665":"A","1666":",","1667":"K","1668":"A","1669":"A","1670":"K","1671":",","1672":"E","1673":"A","1674":"E","1675":"L","1676":"C","1677":",","1678":"a","1679":"A","1680":"A","1681":"a","1682":",","1683":"Q","1684":"A","1685":"C","1686":"R","1687":",","1688":"i","1689":"B","1690":"A","1691":"A","1692":"i","1693":"B","1694":";","1695":"A","1696":"A","1697":"I","1698":"x","1699":"B","1700":",","1701":"O","1702":"A","1703":"A","1704":"O","1705":",","1706":"M","1707":"A","1708":"A","1709":"M","1710":"C","1711":";","1712":"I","1713":"A","1714":"C","1715":"X","1716":"C","1717":",","1718":"M","1719":"A","1720":"A","1721":"M","1722":"C","1723":",","1724":"S","1725":"A","1726":"A","1727":"w","1728":"B","1729":",","1730":"E","1731":"A","1732":"A","1733":"E","1734":"C","1735":",","1736":"I","1737":"A","1738":"A","1739":"m","1740":"B","1741":",","1742":"E","1743":"A","1744":"A","1745":"E","1746":";","1747":"Q","1748":"A","1749":"C","1750":"n","1751":"D","1752":",","1753":"M","1754":"A","1755":"A","1756":"M","1757":"C","1758":",","1759":"M","1760":"A","1761":"A","1762":"M","1763":"D","1764":",","1765":"K","1766":"A","1767":"A","1768":"K","1769":"E","1770":",","1771":"Y","1772":"A","1773":"A","1774":"Y","1775":";","1776":"Q","1777":"A","1778":"C","1779":"7","1780":"B","1781":",","1782":"M","1783":"A","1784":"A","1785":"M","1786":"C","1787":",","1788":"W","1789":"A","1790":"A","1791":"W","1792":"F","1793":",","1794":"I","1795":"A","1796":"A","1797":"I","1798":"G","1799":",","1800":"W","1801":"A","1802":"A","1803":"W","1804":";","1805":"Q","1806":"A","1807":"C","1808":"h","1809":"C","1810":",","1811":"M","1812":"A","1813":"A","1814":"M","1815":"C","1816":",","1817":"S","1818":"A","1819":"A","1820":"S","1821":"N","1822":",","1823":"U","1824":"A","1825":"A","1826":"U","1827":"O","1828":",","1829":"S","1830":"A","1831":"A","1832":"S","1833":";","1834":"Q","1835":"A","1836":"C","1837":"l","1838":"C","1839":",","1840":"M","1841":"A","1842":"A","1843":"M","1844":"C","1845":",","1846":"o","1847":"B","1848":"A","1849":"A","1850":"q","1851":"E","1852":"R","1853":",","1854":"U","1855":"A","1856":"A","1857":"U","1858":"K","1859":",","1860":"W","1861":"A","1862":"A","1863":"W","1864":";","1865":"Q","1866":"A","1867":"E","1868":"h","1869":"G","1870":",","1871":"s","1872":"F","1873":"A","1874":"A","1875":"s","1876":"F","1877":";","1878":"Q","1879":"A","1880":"C","1881":"t","1882":"F","1883":",","1884":"M","1885":"A","1886":"A","1887":"M","1888":"I","1889":",","1890":"e","1891":"A","1892":"C","1893":"J","1894":",","1895":"O","1896":"A","1897":"A","1898":"O","1899":"D","1900":",","1901":"s","1902":"B","1903":"A","1904":"A","1905":"s","1906":"B","1907":",","1908":"Y","1909":"A","1910":"A","1911":"Y","1912":"A","1913":",","1914":"k","1915":"B","1916":"A","1917":"A","1918":"k","1919":"B","1920":"E","1921":",","1922":"O","1923":"A","1924":"A","1925":"O","1926":",","1927":"G","1928":"A","1929":"C","1930":"9","1931":"D","1932":"F","1933":",","1934":"k","1935":"B","1936":"A","1937":"A","1938":"k","1939":"B","1940":"E","1941":",","1942":"O","1943":"A","1944":"A","1945":"O","1946":",","1947":"G","1948":"A","1949":"C","1950":"z","1951":"B","1952":"F","1953":";","1954":"Q","1955":"A","1956":"E","1957":"N","1958":",","1959":"+","1960":"B","1961":"A","1962":"A","1963":"+","1964":"B","1965":";","1966":"Q","1967":"A","1968":"C","1969":"/","1970":"B","1971":"J","1972":",","1973":"S","1974":"A","1975":"A","1976":"S","1977":"E","1978":",","1979":"M","1980":"A","1981":"A","1982":"M","1983":",","1984":"C","1985":"A","1986":"A","1987":"C","1988":"A","1989":",","1990":"Q","1991":"A","1992":"A","1993":"Q","1994":"K","1995":",","1996":"I","1997":"A","1998":"A","1999":"I","2000":",","2001":"C","2002":"A","2003":"A","2004":"C","2005":";","2006":"Y","2007":"A","2008":"C","2009":"3","2010":"B","2011":"C","2012":",","2013":"S","2014":"A","2015":"A","2016":"S","2017":";","2018":"Y","2019":"A","2020":"C","2021":"T","2022":"C","2023":",","2024":"O","2025":"A","2026":"A","2027":"O","2028":";","2029":"g","2030":"B","2031":"A","2032":"C","2033":"L","2034":"H","2035":",","2036":"S","2037":"A","2038":"A","2039":"S","2040":"I","2041":",","2042":"M","2043":"A","2044":"A","2045":"M","2046":"C","2047":",","2048":"O","2049":"A","2050":"A","2051":"O","2052":",","2053":"C","2054":"A","2055":"A","2056":"C","2057":"N","2058":",","2059":"g","2060":"B","2061":"A","2062":"A","2063":"g","2064":"B","2065":"A","2066":",","2067":"a","2068":"A","2069":"A","2070":"a","2071":"O","2072":",","2073":"I","2074":"A","2075":"A","2076":"I","2077":",","2078":"C","2079":"A","2080":"A","2081":"C","2082":",","2083":"Q","2084":"A","2085":"A","2086":"Q","2087":"P","2088":";","2089":"g","2090":"B","2091":"A","2092":"C","2093":"j","2094":"E","2095":"Q","2096":",","2097":"M","2098":"A","2099":"A","2100":"M","2101":"X","2102":";","2103":"Y","2104":"A","2105":"C","2106":"R","2107":";","2108":"Q","2109":"A","2110":"C","2111":"F","2112":";","2113":"I","2114":"A","2115":"C","2116":"F","2117":";","2118":"A","2119":"A","2120":"C","2121":"F","2122":";","2123":"A","2124":"A","2125":"t","2126":"B","2127":"a","2128":"R","2129":";","2130":"I","2131":"A","2132":"D","2133":"Z","2134":"F","2135":",","2136":"M","2137":"A","2138":"A","2139":"M","2140":"C","2141":";","2142":"G","2143":"A","2144":"C","2145":"M","2146":"C","2147":"\"","2148":"}"}}
,"D:\\Study\\College\\Graduation Project\\Code\\Omni-Store\\Omni-Store\\api\\src\\users\\dto\\create-user.dto.ts": {"path":"D:\\Study\\College\\Graduation Project\\Code\\Omni-Store\\Omni-Store\\api\\src\\users\\dto\\create-user.dto.ts","statementMap":{"0":{"start":{"line":9,"column":0},"end":{"line":17,"column":45}},"1":{"start":{"line":18,"column":0},"end":{"line":27,"column":48}},"2":{"start":{"line":28,"column":0},"end":{"line":35,"column":49}}},"fnMap":{},"branchMap":{},"s":{"0":0,"1":0,"2":0},"f":{},"b":{},"inputSourceMap":{"0":"{","1":"\"","2":"v","3":"e","4":"r","5":"s","6":"i","7":"o","8":"n","9":"\"","10":":","11":"3","12":",","13":"\"","14":"s","15":"o","16":"u","17":"r","18":"c","19":"e","20":"s","21":"\"","22":":","23":"[","24":"\"","25":"D","26":":","27":"\\","28":"\\","29":"S","30":"t","31":"u","32":"d","33":"y","34":"\\","35":"\\","36":"C","37":"o","38":"l","39":"l","40":"e","41":"g","42":"e","43":"\\","44":"\\","45":"G","46":"r","47":"a","48":"d","49":"u","50":"a","51":"t","52":"i","53":"o","54":"n","55":" ","56":"P","57":"r","58":"o","59":"j","60":"e","61":"c","62":"t","63":"\\","64":"\\","65":"C","66":"o","67":"d","68":"e","69":"\\","70":"\\","71":"O","72":"m","73":"n","74":"i","75":"-","76":"S","77":"t","78":"o","79":"r","80":"e","81":"\\","82":"\\","83":"O","84":"m","85":"n","86":"i","87":"-","88":"S","89":"t","90":"o","91":"r","92":"e","93":"\\","94":"\\","95":"a","96":"p","97":"i","98":"\\","99":"\\","100":"s","101":"r","102":"c","103":"\\","104":"\\","105":"u","106":"s","107":"e","108":"r","109":"s","110":"\\","111":"\\","112":"d","113":"t","114":"o","115":"\\","116":"\\","117":"c","118":"r","119":"e","120":"a","121":"t","122":"e","123":"-","124":"u","125":"s","126":"e","127":"r","128":".","129":"d","130":"t","131":"o","132":".","133":"t","134":"s","135":"\"","136":"]","137":",","138":"\"","139":"s","140":"o","141":"u","142":"r","143":"c","144":"e","145":"s","146":"C","147":"o","148":"n","149":"t","150":"e","151":"n","152":"t","153":"\"","154":":","155":"[","156":"\"","157":"/","158":"/","159":" ","160":"t","161":"h","162":"i","163":"s","164":" ","165":"i","166":"s","167":" ","168":"a","169":" ","170":"p","171":"l","172":"c","173":"e","174":"h","175":"o","176":"l","177":"d","178":"e","179":"r","180":" ","181":"f","182":"i","183":"l","184":"e","185":" ","186":"f","187":"o","188":"r","189":" ","190":"c","191":"r","192":"e","193":"a","194":"t","195":"e","196":"-","197":"u","198":"s","199":"e","200":"r","201":".","202":"d","203":"t","204":"o","205":".","206":"t","207":"s","208":"\\","209":"r","210":"\\","211":"n","212":"/","213":"/","214":" ","215":"E","216":"s","217":"t","218":"a","219":"b","220":"l","221":"i","222":"s","223":"h","224":" ","225":"T","226":"e","227":"a","228":"m","229":" ","230":"R","231":"u","232":"l","233":"e","234":":","235":" ","236":"A","237":"l","238":"l","239":" ","240":"D","241":"T","242":"O","243":" ","244":"c","245":"l","246":"a","247":"s","248":"s","249":"e","250":"s","251":" ","252":"m","253":"u","254":"s","255":"t","256":" ","257":"u","258":"s","259":"e","260":" ","261":"`","262":"@","263":"A","264":"p","265":"i","266":"P","267":"r","268":"o","269":"p","270":"e","271":"r","272":"t","273":"y","274":"(","275":")","276":"`","277":" ","278":"d","279":"e","280":"c","281":"o","282":"r","283":"a","284":"t","285":"o","286":"r","287":"s","288":".","289":"\\","290":"r","291":"\\","292":"n","293":"\\","294":"r","295":"\\","296":"n","297":"i","298":"m","299":"p","300":"o","301":"r","302":"t","303":" ","304":"{","305":" ","306":"I","307":"s","308":"E","309":"m","310":"a","311":"i","312":"l","313":",","314":" ","315":"I","316":"s","317":"N","318":"o","319":"t","320":"E","321":"m","322":"p","323":"t","324":"y","325":",","326":" ","327":"I","328":"s","329":"S","330":"t","331":"r","332":"i","333":"n","334":"g","335":",","336":" ","337":"M","338":"i","339":"n","340":"L","341":"e","342":"n","343":"g","344":"t","345":"h","346":" ","347":"}","348":" ","349":"f","350":"r","351":"o","352":"m","353":" ","354":"'","355":"c","356":"l","357":"a","358":"s","359":"s","360":"-","361":"v","362":"a","363":"l","364":"i","365":"d","366":"a","367":"t","368":"o","369":"r","370":"'","371":";","372":"\\","373":"r","374":"\\","375":"n","376":"i","377":"m","378":"p","379":"o","380":"r","381":"t","382":" ","383":"{","384":" ","385":"A","386":"p","387":"i","388":"P","389":"r","390":"o","391":"p","392":"e","393":"r","394":"t","395":"y","396":" ","397":"}","398":" ","399":"f","400":"r","401":"o","402":"m","403":" ","404":"'","405":"@","406":"n","407":"e","408":"s","409":"t","410":"j","411":"s","412":"/","413":"s","414":"w","415":"a","416":"g","417":"g","418":"e","419":"r","420":"'","421":";","422":"\\","423":"r","424":"\\","425":"n","426":"\\","427":"r","428":"\\","429":"n","430":"e","431":"x","432":"p","433":"o","434":"r","435":"t","436":" ","437":"c","438":"l","439":"a","440":"s","441":"s","442":" ","443":"C","444":"r","445":"e","446":"a","447":"t","448":"e","449":"U","450":"s","451":"e","452":"r","453":"D","454":"t","455":"o","456":" ","457":"{","458":"\\","459":"r","460":"\\","461":"n","462":" ","463":" ","464":"@","465":"A","466":"p","467":"i","468":"P","469":"r","470":"o","471":"p","472":"e","473":"r","474":"t","475":"y","476":"(","477":"{","478":"\\","479":"r","480":"\\","481":"n","482":" ","483":" ","484":" ","485":" ","486":"e","487":"x","488":"a","489":"m","490":"p","491":"l","492":"e","493":":","494":" ","495":"'","496":"u","497":"s","498":"e","499":"r","500":"@","501":"e","502":"x","503":"a","504":"m","505":"p","506":"l","507":"e","508":".","509":"c","510":"o","511":"m","512":"'","513":",","514":"\\","515":"r","516":"\\","517":"n","518":" ","519":" ","520":" ","521":" ","522":"d","523":"e","524":"s","525":"c","526":"r","527":"i","528":"p","529":"t","530":"i","531":"o","532":"n","533":":","534":" ","535":"'","536":"T","537":"h","538":"e","539":" ","540":"e","541":"m","542":"a","543":"i","544":"l","545":" ","546":"o","547":"f","548":" ","549":"t","550":"h","551":"e","552":" ","553":"u","554":"s","555":"e","556":"r","557":"'","558":",","559":"\\","560":"r","561":"\\","562":"n","563":" ","564":" ","565":"}","566":")","567":"\\","568":"r","569":"\\","570":"n","571":" ","572":" ","573":"@","574":"I","575":"s","576":"E","577":"m","578":"a","579":"i","580":"l","581":"(","582":")","583":"\\","584":"r","585":"\\","586":"n","587":" ","588":" ","589":"@","590":"I","591":"s","592":"N","593":"o","594":"t","595":"E","596":"m","597":"p","598":"t","599":"y","600":"(","601":")","602":"\\","603":"r","604":"\\","605":"n","606":" ","607":" ","608":"e","609":"m","610":"a","611":"i","612":"l","613":"!","614":":","615":" ","616":"s","617":"t","618":"r","619":"i","620":"n","621":"g","622":";","623":"\\","624":"r","625":"\\","626":"n","627":"\\","628":"r","629":"\\","630":"n","631":" ","632":" ","633":"@","634":"A","635":"p","636":"i","637":"P","638":"r","639":"o","640":"p","641":"e","642":"r","643":"t","644":"y","645":"(","646":"{","647":"\\","648":"r","649":"\\","650":"n","651":" ","652":" ","653":" ","654":" ","655":"e","656":"x","657":"a","658":"m","659":"p","660":"l","661":"e","662":":","663":" ","664":"'","665":"S","666":"t","667":"r","668":"o","669":"n","670":"g","671":"P","672":"a","673":"s","674":"s","675":"1","676":"2","677":"3","678":"!","679":"'","680":",","681":"\\","682":"r","683":"\\","684":"n","685":" ","686":" ","687":" ","688":" ","689":"d","690":"e","691":"s","692":"c","693":"r","694":"i","695":"p","696":"t","697":"i","698":"o","699":"n","700":":","701":" ","702":"'","703":"T","704":"h","705":"e","706":" ","707":"p","708":"a","709":"s","710":"s","711":"w","712":"o","713":"r","714":"d","715":" ","716":"f","717":"o","718":"r","719":" ","720":"t","721":"h","722":"e","723":" ","724":"a","725":"c","726":"c","727":"o","728":"u","729":"n","730":"t","731":"'","732":",","733":"\\","734":"r","735":"\\","736":"n","737":" ","738":" ","739":" ","740":" ","741":"m","742":"i","743":"n","744":"L","745":"e","746":"n","747":"g","748":"t","749":"h","750":":","751":" ","752":"6","753":",","754":"\\","755":"r","756":"\\","757":"n","758":" ","759":" ","760":"}","761":")","762":"\\","763":"r","764":"\\","765":"n","766":" ","767":" ","768":"@","769":"I","770":"s","771":"S","772":"t","773":"r","774":"i","775":"n","776":"g","777":"(","778":")","779":"\\","780":"r","781":"\\","782":"n","783":" ","784":" ","785":"@","786":"M","787":"i","788":"n","789":"L","790":"e","791":"n","792":"g","793":"t","794":"h","795":"(","796":"6","797":")","798":"\\","799":"r","800":"\\","801":"n","802":" ","803":" ","804":"p","805":"a","806":"s","807":"s","808":"w","809":"o","810":"r","811":"d","812":"!","813":":","814":" ","815":"s","816":"t","817":"r","818":"i","819":"n","820":"g","821":";","822":"\\","823":"r","824":"\\","825":"n","826":"\\","827":"r","828":"\\","829":"n","830":" ","831":" ","832":"@","833":"A","834":"p","835":"i","836":"P","837":"r","838":"o","839":"p","840":"e","841":"r","842":"t","843":"y","844":"(","845":"{","846":"\\","847":"r","848":"\\","849":"n","850":" ","851":" ","852":" ","853":" ","854":"e","855":"x","856":"a","857":"m","858":"p","859":"l","860":"e","861":":","862":" ","863":"'","864":"M","865":"o","866":"h","867":"a","868":"m","869":"e","870":"d","871":"'","872":",","873":"\\","874":"r","875":"\\","876":"n","877":" ","878":" ","879":" ","880":" ","881":"d","882":"e","883":"s","884":"c","885":"r","886":"i","887":"p","888":"t","889":"i","890":"o","891":"n","892":":","893":" ","894":"'","895":"F","896":"i","897":"r","898":"s","899":"t","900":" ","901":"n","902":"a","903":"m","904":"e","905":" ","906":"o","907":"f","908":" ","909":"t","910":"h","911":"e","912":" ","913":"u","914":"s","915":"e","916":"r","917":"'","918":",","919":"\\","920":"r","921":"\\","922":"n","923":" ","924":" ","925":"}","926":")","927":"\\","928":"r","929":"\\","930":"n","931":" ","932":" ","933":"@","934":"I","935":"s","936":"S","937":"t","938":"r","939":"i","940":"n","941":"g","942":"(","943":")","944":"\\","945":"r","946":"\\","947":"n","948":" ","949":" ","950":"f","951":"i","952":"r","953":"s","954":"t","955":"N","956":"a","957":"m","958":"e","959":"!","960":":","961":" ","962":"s","963":"t","964":"r","965":"i","966":"n","967":"g","968":";","969":"\\","970":"r","971":"\\","972":"n","973":"}","974":"\"","975":"]","976":",","977":"\"","978":"n","979":"a","980":"m","981":"e","982":"s","983":"\"","984":":","985":"[","986":"\"","987":"I","988":"s","989":"E","990":"m","991":"a","992":"i","993":"l","994":"\"","995":",","996":"\"","997":"I","998":"s","999":"N","1000":"o","1001":"t","1002":"E","1003":"m","1004":"p","1005":"t","1006":"y","1007":"\"","1008":",","1009":"\"","1010":"I","1011":"s","1012":"S","1013":"t","1014":"r","1015":"i","1016":"n","1017":"g","1018":"\"","1019":",","1020":"\"","1021":"M","1022":"i","1023":"n","1024":"L","1025":"e","1026":"n","1027":"g","1028":"t","1029":"h","1030":"\"","1031":",","1032":"\"","1033":"A","1034":"p","1035":"i","1036":"P","1037":"r","1038":"o","1039":"p","1040":"e","1041":"r","1042":"t","1043":"y","1044":"\"","1045":",","1046":"\"","1047":"C","1048":"r","1049":"e","1050":"a","1051":"t","1052":"e","1053":"U","1054":"s","1055":"e","1056":"r","1057":"D","1058":"t","1059":"o","1060":"\"","1061":",","1062":"\"","1063":"e","1064":"x","1065":"a","1066":"m","1067":"p","1068":"l","1069":"e","1070":"\"","1071":",","1072":"\"","1073":"d","1074":"e","1075":"s","1076":"c","1077":"r","1078":"i","1079":"p","1080":"t","1081":"i","1082":"o","1083":"n","1084":"\"","1085":",","1086":"\"","1087":"m","1088":"i","1089":"n","1090":"L","1091":"e","1092":"n","1093":"g","1094":"t","1095":"h","1096":"\"","1097":"]","1098":",","1099":"\"","1100":"r","1101":"a","1102":"n","1103":"g","1104":"e","1105":"M","1106":"a","1107":"p","1108":"p","1109":"i","1110":"n","1111":"g","1112":"s","1113":"\"","1114":":","1115":"\"","1116":";","1117":";","1118":";","1119":";","1120":";","1121":";","1122":";","1123":";","1124":";","1125":";","1126":";","1127":";","1128":";","1129":";","1130":";","1131":";","1132":";","1133":";","1134":";","1135":";","1136":";","1137":";","1138":";","1139":";","1140":";","1141":";","1142":";","1143":";","1144":";","1145":";","1146":";","1147":";","1148":";","1149":";","1150":"\"","1151":",","1152":"\"","1153":"m","1154":"a","1155":"p","1156":"p","1157":"i","1158":"n","1159":"g","1160":"s","1161":"\"","1162":":","1163":"\"","1164":"A","1165":"A","1166":"A","1167":"A","1168":",","1169":"m","1170":"D","1171":"A","1172":"A","1173":"m","1174":"D","1175":";","1176":"A","1177":"A","1178":"C","1179":"n","1180":"D","1181":",","1182":"6","1183":"E","1184":"A","1185":"A","1186":"6","1187":"E","1188":";","1189":";","1190":";","1191":"A","1192":"A","1193":"E","1194":"7","1195":"E","1196":",","1197":"S","1198":"A","1199":"A","1200":"S","1201":"A","1202":",","1203":"O","1204":"A","1205":"A","1206":"O","1207":",","1208":"E","1209":"A","1210":"A","1211":"E","1212":"C","1213":",","1214":"U","1215":"A","1216":"A","1217":"U","1218":",","1219":"E","1220":"A","1221":"A","1222":"E","1223":"C","1224":",","1225":"Q","1226":"A","1227":"A","1228":"Q","1229":",","1230":"E","1231":"A","1232":"A","1233":"E","1234":"C","1235":",","1236":"S","1237":"A","1238":"A","1239":"S","1240":",","1241":"Q","1242":"A","1243":"A","1244":"Q","1245":",","1246":"k","1247":"B","1248":"A","1249":"A","1250":"k","1251":"B","1252":";","1253":"A","1254":"A","1255":"C","1256":"3","1257":"E","1258":",","1259":"S","1260":"A","1261":"A","1262":"S","1263":"C","1264":",","1265":"W","1266":"A","1267":"A","1268":"W","1269":",","1270":"Q","1271":"A","1272":"A","1273":"Q","1274":",","1275":"k","1276":"B","1277":"A","1278":"A","1279":"k","1280":"B","1281":";","1282":"A","1283":"A","1284":"E","1285":"9","1286":"C","1287":",","1288":"O","1289":"A","1290":"A","1291":"O","1292":",","1293":"M","1294":"A","1295":"A","1296":"M","1297":"C","1298":";","1299":"A","1300":"A","1301":"w","1302":"B","1303":"b","1304":";","1305":";","1306":"I","1307":"A","1308":"v","1309":"B","1310":"G","1311":"D","1312":",","1313":"Y","1314":"A","1315":"A","1316":"Y","1317":";","1318":"Q","1319":"A","1320":"C","1321":"X","1322":"E","1323":",","1324":"S","1325":"A","1326":"A","1327":"S","1328":";","1329":"Q","1330":"A","1331":"C","1332":"T","1333":"C","1334":",","1335":"a","1336":"A","1337":"A","1338":"a","1339":";","1340":"I","1341":"A","1342":"C","1343":"f","1344":";","1345":"I","1346":"A","1347":"C","1348":"C","1349":"P","1350":";","1351":"I","1352":"A","1353":"C","1354":"A","1355":"C","1356":";","1357":";","1358":"G","1359":"A","1360":"N","1361":"U","1362":"I","1363":";","1364":";","1365":"I","1366":"A","1367":"S","1368":"V","1369":"D","1370":",","1371":"Y","1372":"A","1373":"A","1374":"Y","1375":";","1376":"Q","1377":"A","1378":"C","1379":"X","1380":"E","1381":",","1382":"S","1383":"A","1384":"A","1385":"S","1386":";","1387":"Q","1388":"A","1389":"C","1390":"T","1391":"C","1392":",","1393":"a","1394":"A","1395":"A","1396":"a","1397":";","1398":"Q","1399":"A","1400":"C","1401":"b","1402":"C","1403":",","1404":"W","1405":"A","1406":"A","1407":"W","1408":";","1409":"I","1410":"A","1411":"C","1412":"b","1413":";","1414":"I","1415":"A","1416":"C","1417":"C","1418":"N","1419":";","1420":"I","1421":"A","1422":"C","1423":"A","1424":"C","1425":",","1426":"U","1427":"A","1428":"A","1429":"U","1430":";","1431":";","1432":"G","1433":"A","1434":"f","1435":"A","1436":"E","1437":";","1438":";","1439":"I","1440":"A","1441":"k","1442":"B","1443":"V","1444":"D","1445":",","1446":"Y","1447":"A","1448":"A","1449":"Y","1450":";","1451":"Q","1452":"A","1453":"C","1454":"X","1455":"E","1456":",","1457":"S","1458":"A","1459":"A","1460":"S","1461":";","1462":"Q","1463":"A","1464":"C","1465":"T","1466":"C","1467":",","1468":"a","1469":"A","1470":"A","1471":"a","1472":";","1473":"I","1474":"A","1475":"C","1476":"f","1477":";","1478":"I","1479":"A","1480":"C","1481":"C","1482":"L","1483":";","1484":";","1485":"G","1486":"A","1487":"t","1488":"B","1489":"U","1490":"G","1491":"\"","1492":"}"}}
}
